<?xml version="1.0" encoding="UTF-8"?>
<!-- Generated by org.testng.reporters.JUnitXMLReporter -->
<testsuite ignored="4" hostname="IslamAminPc" failures="0" tests="8" name="Books Sequential Suite" time="8.545" errors="0" timestamp="2025-05-17T18:00:51 CDT">
  <testcase classname="testcases.books.TC01_CreateNewBook" name="createNewBook_P" time="6.149"/>
  <testcase classname="testcases.books.TC02_Get_A_Book" name="getCreatedBook_P" time="0.093"/>
  <testcase classname="testcases.books.TC03_Update_Existing_Book" name="updateExistingBook_P" time="0.29"/>
  <testcase classname="testcases.books.TC02_Get_A_Book" name="getUpdatedBook_P" time="0.057"/>
  <testcase classname="testcases.books.TC05_Partial_Update_A_Book" name="partialUpdateExistingBook_P" time="0.187"/>
  <testcase classname="testcases.books.TC02_Get_A_Book" name="getPartUpdtdBook_P" time="0.057"/>
  <testcase classname="testcases.books.TC07_Delete_A_Book" name="deleteExistedBook" time="0.029"/>
  <testcase classname="testcases.books.TC02_Get_A_Book" name="getDeltedBook_P" time="0.023"/>
  <testcase classname="testcases.TestBase" name="@BeforeTest setBaseUrl" time="0.0">
    <ignored/>
  </testcase> <!-- @BeforeTest setBaseUrl -->
  <testcase classname="testcases.TestBase" name="@BeforeTest setBaseUrl" time="0.0">
    <ignored/>
  </testcase> <!-- @BeforeTest setBaseUrl -->
  <testcase classname="testcases.TestBase" name="@BeforeTest setBaseUrl" time="0.0">
    <ignored/>
  </testcase> <!-- @BeforeTest setBaseUrl -->
  <testcase classname="testcases.TestBase" name="@BeforeTest setBaseUrl" time="0.0">
    <ignored/>
  </testcase> <!-- @BeforeTest setBaseUrl -->
</testsuite> <!-- Books Sequential Suite -->
