<?xml version="1.0" encoding="UTF-8"?>
<!-- Generated by org.testng.reporters.JUnitXMLReporter -->
<testsuite ignored="4" hostname="IslamAminPc" failures="0" tests="4" name="create book" time="7.356" errors="0" timestamp="2025-05-17T17:46:22 CDT">
  <testcase classname="testcases.books.TC01_CreateNewBook" name="createNewBook_P" time="5.574"/>
  <testcase classname="testcases.books.TC03_Update_Existing_Book" name="updateExistingBook_P" time="0.254"/>
  <testcase classname="testcases.books.TC02_Get_A_Book" name="getCreatedBook_P" time="0.057"/>
  <testcase classname="testcases.books.TC02_Get_A_Book" name="getUpdatedBook_P" time="0.051"/>
  <testcase classname="testcases.books.TC02_Get_A_Book" name="getPartUpdtdBook_P" time="0.0">
    <ignored/>
  </testcase> <!-- getPartUpdtdBook_P -->
  <testcase classname="testcases.TestBase" name="@BeforeTest setBaseUrl" time="0.0">
    <ignored/>
  </testcase> <!-- @BeforeTest setBaseUrl -->
  <testcase classname="testcases.books.TC02_Get_A_Book" name="getDeltedBook_P" time="0.0">
    <ignored/>
  </testcase> <!-- getDeltedBook_P -->
  <testcase classname="testcases.TestBase" name="@BeforeTest setBaseUrl" time="0.0">
    <ignored/>
  </testcase> <!-- @BeforeTest setBaseUrl -->
</testsuite> <!-- create book -->
