<?xml version="1.0" encoding="UTF-8"?>
<!-- Generated by org.testng.reporters.JUnitXMLReporter -->
<testsuite ignored="4" hostname="IslamAminPc" failures="0" tests="5" name="Full Book Lifecycle Test" time="9.81" errors="0" timestamp="2025-06-30T21:12:35 CDT">
  <testcase classname="testcases.books.TC01_CreateNewBook" name="createNewBook_P" time="7.257"/>
  <testcase classname="testcases.books.TC02_Get_A_Book" name="checkGetBooksWorking_P" time="0.121"/>
  <testcase classname="testcases.books.TC03_Update_Existing_Book" name="updateExistingBook_P" time="0.31"/>
  <testcase classname="testcases.books.TC05_Partial_Update_A_Book" name="partialUpdateExistingBook_P" time="0.238"/>
  <testcase classname="testcases.books.TC07_Delete_A_Book" name="deleteExistedBook" time="0.039"/>
  <testcase classname="testcases.TestBase" name="@BeforeTest setBaseUrl" time="0.0">
    <ignored/>
  </testcase> <!-- @BeforeTest setBaseUrl -->
  <testcase classname="testcases.TestBase" name="@BeforeTest setBaseUrl" time="0.0">
    <ignored/>
  </testcase> <!-- @BeforeTest setBaseUrl -->
  <testcase classname="testcases.TestBase" name="@BeforeTest setBaseUrl" time="0.0">
    <ignored/>
  </testcase> <!-- @BeforeTest setBaseUrl -->
  <testcase classname="testcases.TestBase" name="@BeforeTest setBaseUrl" time="0.0">
    <ignored/>
  </testcase> <!-- @BeforeTest setBaseUrl -->
</testsuite> <!-- Full Book Lifecycle Test -->
